<?xml version="1.0" encoding="utf-8"?><testsuites name="pytest tests"><testsuite name="pytest" errors="0" failures="0" skipped="0" tests="29" time="5.371" timestamp="2026-06-28T11:37:23.213321+00:00" hostname="agent-env-5199b473-40a3-456d-a59b-2f9f865c5d40"><testcase classname="tests.backend_test.TestAuth" name="test_login_admin_success" time="0.453" /><testcase classname="tests.backend_test.TestAuth" name="test_login_invalid_credentials" time="0.301" /><testcase classname="tests.backend_test.TestAuth" name="test_me_endpoint" time="0.378" /><testcase classname="tests.backend_test.TestAuth" name="test_me_unauthenticated" time="0.078" /><testcase classname="tests.backend_test.TestUsers" name="test_create_kassir_user" time="0.391" /><testcase classname="tests.backend_test.TestUsers" name="test_create_hodim_user" time="0.432" /><testcase classname="tests.backend_test.TestUsers" name="test_list_users_admin" time="0.042" /><testcase classname="tests.backend_test.TestUsers" name="test_list_users_forbidden_for_kassir" time="0.414" /><testcase classname="tests.backend_test.TestServices" name="test_list_default_services" time="0.045" /><testcase classname="tests.backend_test.TestServices" name="test_create_service" time="0.126" /><testcase classname="tests.backend_test.TestServices" name="test_create_service_forbidden_for_hodim" time="0.468" /><testcase classname="tests.backend_test.TestOrdersWorkflow" name="test_order_created_in_navbatda" time="0.212" /><testcase classname="tests.backend_test.TestOrdersWorkflow" name="test_hodim_sees_only_assigned_orders" time="0.045" /><testcase classname="tests.backend_test.TestOrdersWorkflow" name="test_hodim_start_washing" time="0.078" /><testcase classname="tests.backend_test.TestOrdersWorkflow" name="test_hodim_complete_washing" time="0.073" /><testcase classname="tests.backend_test.TestOrdersWorkflow" name="test_kassir_sees_completed_orders" time="0.033" /><testcase classname="tests.backend_test.TestOrdersWorkflow" name="test_kassir_process_payment_naqd" time="0.079" /><testcase classname="tests.backend_test.TestOrdersWorkflow" name="test_payment_methods_accepted" time="0.697" /><testcase classname="tests.backend_test.TestRoleAccess" name="test_hodim_cannot_access_reports" time="0.036" /><testcase classname="tests.backend_test.TestRoleAccess" name="test_hodim_cannot_close_day" time="0.079" /><testcase classname="tests.backend_test.TestRoleAccess" name="test_kassir_cannot_close_day" time="0.032" /><testcase classname="tests.backend_test.TestDashboard" name="test_admin_dashboard" time="0.050" /><testcase classname="tests.backend_test.TestDashboard" name="test_kassir_dashboard" time="0.074" /><testcase classname="tests.backend_test.TestDashboard" name="test_hodim_dashboard" time="0.033" /><testcase classname="tests.backend_test.TestReports" name="test_today_report" time="0.048" /><testcase classname="tests.backend_test.TestReports" name="test_kassir_can_view_report" time="0.054" /><testcase classname="tests.backend_test.TestReports" name="test_excel_export" time="0.045" /><testcase classname="tests.backend_test.TestReports" name="test_close_day" time="0.092" /><testcase classname="tests.backend_test.TestLogout" name="test_logout" time="0.453" /></testsuite></testsuites>